2021-02-24 18:00:03,154 [Worker-3: Loading available Gradle versions] INFO  o.e.b.c.i.u.g.PublishedGradleVersions - Gradle version information cache is out-of-date. Trying to update.
2021-02-24 18:01:18,693 [Worker-7: Building] INFO  o.e.m.c.i.l.LifecycleMappingFactory - Using org.eclipse.m2e.jdt.JarLifecycleMapping lifecycle mapping for MavenProject: com.springbootweektwo:inventoryManagement:0.0.1-SNAPSHOT @ C:\Users\Leo\Desktop\Back End Coding Bootcamp\Web API with Spring Boot\Week 2\inventoryManagement\pom.xml.
2021-02-24 18:01:26,409 [Worker-7: Building] INFO  o.e.m.c.i.embedder.EclipseLogger - Using 'UTF-8' encoding to copy filtered resources.
2021-02-24 18:01:26,416 [Worker-7: Building] INFO  o.e.m.c.i.embedder.EclipseLogger - Copying 1 resource
2021-02-24 18:01:26,454 [Worker-7: Building] INFO  o.e.m.c.i.embedder.EclipseLogger - Copying 1 resource
2021-02-24 18:01:26,484 [Worker-7: Building] INFO  o.e.m.c.i.embedder.EclipseLogger - Using 'UTF-8' encoding to copy filtered resources.
2021-02-24 18:01:26,486 [Worker-7: Building] INFO  o.e.m.c.i.embedder.EclipseLogger - skip non existing resourceDirectory C:\Users\Leo\Desktop\Back End Coding Bootcamp\Web API with Spring Boot\Week 2\inventoryManagement\src\test\resources
2021-02-24 18:01:27,143 [Worker-1: Updating Maven Dependencies] INFO  o.e.m.c.i.l.LifecycleMappingFactory - Using org.eclipse.m2e.jdt.JarLifecycleMapping lifecycle mapping for MavenProject: com.springbootweektwo:inventoryManagement:0.0.1-SNAPSHOT @ C:\Users\Leo\Desktop\Back End Coding Bootcamp\Web API with Spring Boot\Week 2\inventoryManagement\pom.xml.
2021-02-24 18:01:29,350 [Worker-5: Building] INFO  o.e.m.c.i.embedder.EclipseLogger - Using 'UTF-8' encoding to copy filtered resources.
2021-02-24 18:01:29,354 [Worker-5: Building] INFO  o.e.m.c.i.embedder.EclipseLogger - Copying 1 resource
2021-02-24 18:01:29,358 [Worker-5: Building] INFO  o.e.m.c.i.embedder.EclipseLogger - Copying 1 resource
2021-02-24 18:01:29,366 [Worker-5: Building] INFO  o.e.m.c.i.embedder.EclipseLogger - Using 'UTF-8' encoding to copy filtered resources.
2021-02-24 18:01:29,366 [Worker-5: Building] INFO  o.e.m.c.i.embedder.EclipseLogger - skip non existing resourceDirectory C:\Users\Leo\Desktop\Back End Coding Bootcamp\Web API with Spring Boot\Week 2\inventoryManagement\src\test\resources
2021-02-24 20:27:36,262 [Worker-14: Building] INFO  o.e.m.c.i.embedder.EclipseLogger - Using 'UTF-8' encoding to copy filtered resources.
2021-02-24 20:27:36,268 [Worker-14: Building] INFO  o.e.m.c.i.embedder.EclipseLogger - Copying 0 resource
2021-02-24 20:27:36,269 [Worker-14: Building] INFO  o.e.m.c.i.embedder.EclipseLogger - Copying 0 resource
2021-02-24 20:27:36,272 [Worker-14: Building] INFO  o.e.m.c.i.embedder.EclipseLogger - Using 'UTF-8' encoding to copy filtered resources.
2021-02-24 20:27:36,273 [Worker-14: Building] INFO  o.e.m.c.i.embedder.EclipseLogger - skip non existing resourceDirectory C:\Users\Leo\Desktop\Back End Coding Bootcamp\Web API with Spring Boot\Week 2\inventoryManagement\src\test\resources
2021-02-26 16:30:03,052 [Worker-1: Loading available Gradle versions] INFO  o.e.b.c.i.u.g.PublishedGradleVersions - Gradle version information cache is out-of-date. Trying to update.
2021-02-26 16:36:23,546 [Worker-0: Loading available Gradle versions] INFO  o.e.b.c.i.u.g.PublishedGradleVersions - Gradle version information cache is up-to-date. Trying to read.
2021-02-26 16:38:11,133 [Worker-3: Creating maven-archetype-quickstart] INFO  o.e.m.c.i.p.ProjectConfigurationManager - Collecting project info '/pom.xml' C:\Users\Leo\Desktop\Back End Coding Bootcamp\Web API with Spring Boot\Final Project\indieWearhaul\pom.xml
2021-02-26 16:38:16,027 [Worker-3: Creating maven-archetype-quickstart] INFO  o.e.m.c.i.l.LifecycleMappingFactory - Using org.eclipse.m2e.jdt.JarLifecycleMapping lifecycle mapping for MavenProject: springbootfinal:indieWearhaul:0.0.1-SNAPSHOT @ C:\Users\Leo\Desktop\Back End Coding Bootcamp\Web API with Spring Boot\Final Project\indieWearhaul\pom.xml.
2021-02-26 16:38:17,791 [Worker-3: Creating maven-archetype-quickstart] INFO  o.e.m.j.i.AbstractJavaProjectConfigurator - Adding source folder /indieWearhaul/src/main/java
2021-02-26 16:38:17,819 [Worker-3: Creating maven-archetype-quickstart] INFO  o.e.m.j.i.AbstractJavaProjectConfigurator - Adding source folder /indieWearhaul/src/test/java
2021-02-26 16:38:17,991 [Worker-3: Creating maven-archetype-quickstart] INFO  o.e.m.c.i.p.ProjectConfigurationManager - Imported and configured 1 project(s) in 6 sec
2021-02-26 16:38:18,688 [Worker-15: Building] INFO  o.e.m.c.i.embedder.EclipseLogger - Using 'UTF-8' encoding to copy filtered resources.
2021-02-26 16:38:18,688 [Worker-15: Building] INFO  o.e.m.c.i.embedder.EclipseLogger - skip non existing resourceDirectory C:\Users\Leo\Desktop\Back End Coding Bootcamp\Web API with Spring Boot\Final Project\indieWearhaul\src\main\resources
2021-02-26 16:38:18,691 [Worker-15: Building] INFO  o.e.m.c.i.embedder.EclipseLogger - Using 'UTF-8' encoding to copy filtered resources.
2021-02-26 16:38:18,692 [Worker-15: Building] INFO  o.e.m.c.i.embedder.EclipseLogger - skip non existing resourceDirectory C:\Users\Leo\Desktop\Back End Coding Bootcamp\Web API with Spring Boot\Final Project\indieWearhaul\src\test\resources
2021-02-26 16:39:20,313 [Worker-14: Building] INFO  o.e.m.c.i.embedder.EclipseLogger - Using 'UTF-8' encoding to copy filtered resources.
2021-02-26 16:39:20,313 [Worker-14: Building] INFO  o.e.m.c.i.embedder.EclipseLogger - skip non existing resourceDirectory C:\Users\Leo\Desktop\Back End Coding Bootcamp\Web API with Spring Boot\Final Project\indieWearhaul\src\main\resources
2021-02-26 16:39:20,316 [Worker-14: Building] INFO  o.e.m.c.i.embedder.EclipseLogger - Using 'UTF-8' encoding to copy filtered resources.
2021-02-26 16:39:20,318 [Worker-14: Building] INFO  o.e.m.c.i.embedder.EclipseLogger - skip non existing resourceDirectory C:\Users\Leo\Desktop\Back End Coding Bootcamp\Web API with Spring Boot\Final Project\indieWearhaul\src\test\resources
2021-02-26 16:39:36,459 [Worker-10: Building] INFO  o.e.m.c.i.embedder.EclipseLogger - Using 'UTF-8' encoding to copy filtered resources.
2021-02-26 16:39:36,460 [Worker-10: Building] INFO  o.e.m.c.i.embedder.EclipseLogger - skip non existing resourceDirectory C:\Users\Leo\Desktop\Back End Coding Bootcamp\Web API with Spring Boot\Final Project\indieWearhaul\src\main\resources
2021-02-26 16:39:36,463 [Worker-10: Building] INFO  o.e.m.c.i.embedder.EclipseLogger - Using 'UTF-8' encoding to copy filtered resources.
2021-02-26 16:39:36,463 [Worker-10: Building] INFO  o.e.m.c.i.embedder.EclipseLogger - skip non existing resourceDirectory C:\Users\Leo\Desktop\Back End Coding Bootcamp\Web API with Spring Boot\Final Project\indieWearhaul\src\test\resources
2021-02-26 16:39:46,251 [Worker-12: Building] INFO  o.e.m.c.i.embedder.EclipseLogger - Using 'UTF-8' encoding to copy filtered resources.
2021-02-26 16:39:46,251 [Worker-12: Building] INFO  o.e.m.c.i.embedder.EclipseLogger - skip non existing resourceDirectory C:\Users\Leo\Desktop\Back End Coding Bootcamp\Web API with Spring Boot\Final Project\indieWearhaul\src\main\resources
2021-02-26 16:39:46,256 [Worker-12: Building] INFO  o.e.m.c.i.embedder.EclipseLogger - Using 'UTF-8' encoding to copy filtered resources.
2021-02-26 16:39:46,256 [Worker-12: Building] INFO  o.e.m.c.i.embedder.EclipseLogger - skip non existing resourceDirectory C:\Users\Leo\Desktop\Back End Coding Bootcamp\Web API with Spring Boot\Final Project\indieWearhaul\src\test\resources
2021-02-26 16:40:07,667 [Worker-16: Building] INFO  o.e.m.c.i.embedder.EclipseLogger - Using 'UTF-8' encoding to copy filtered resources.
2021-02-26 16:40:07,667 [Worker-16: Building] INFO  o.e.m.c.i.embedder.EclipseLogger - skip non existing resourceDirectory C:\Users\Leo\Desktop\Back End Coding Bootcamp\Web API with Spring Boot\Final Project\indieWearhaul\src\main\resources
2021-02-26 16:40:07,670 [Worker-16: Building] INFO  o.e.m.c.i.embedder.EclipseLogger - Using 'UTF-8' encoding to copy filtered resources.
2021-02-26 16:40:07,670 [Worker-16: Building] INFO  o.e.m.c.i.embedder.EclipseLogger - skip non existing resourceDirectory C:\Users\Leo\Desktop\Back End Coding Bootcamp\Web API with Spring Boot\Final Project\indieWearhaul\src\test\resources
2021-02-26 16:42:22,600 [Worker-18: Building] INFO  o.e.m.c.i.embedder.EclipseLogger - Using 'UTF-8' encoding to copy filtered resources.
2021-02-26 16:42:22,601 [Worker-18: Building] INFO  o.e.m.c.i.embedder.EclipseLogger - skip non existing resourceDirectory C:\Users\Leo\Desktop\Back End Coding Bootcamp\Web API with Spring Boot\Final Project\indieWearhaul\src\main\resources
2021-02-26 16:42:22,602 [Worker-18: Building] INFO  o.e.m.c.i.embedder.EclipseLogger - Using 'UTF-8' encoding to copy filtered resources.
2021-02-26 16:42:22,603 [Worker-18: Building] INFO  o.e.m.c.i.embedder.EclipseLogger - skip non existing resourceDirectory C:\Users\Leo\Desktop\Back End Coding Bootcamp\Web API with Spring Boot\Final Project\indieWearhaul\src\test\resources
2021-02-26 16:42:35,155 [Worker-18: Building] INFO  o.e.m.c.i.embedder.EclipseLogger - Using 'UTF-8' encoding to copy filtered resources.
2021-02-26 16:42:35,156 [Worker-18: Building] INFO  o.e.m.c.i.embedder.EclipseLogger - skip non existing resourceDirectory C:\Users\Leo\Desktop\Back End Coding Bootcamp\Web API with Spring Boot\Final Project\indieWearhaul\src\main\resources
2021-02-26 16:42:35,158 [Worker-18: Building] INFO  o.e.m.c.i.embedder.EclipseLogger - Using 'UTF-8' encoding to copy filtered resources.
2021-02-26 16:42:35,158 [Worker-18: Building] INFO  o.e.m.c.i.embedder.EclipseLogger - skip non existing resourceDirectory C:\Users\Leo\Desktop\Back End Coding Bootcamp\Web API with Spring Boot\Final Project\indieWearhaul\src\test\resources
2021-02-26 16:42:51,200 [Worker-14: Building] INFO  o.e.m.c.i.embedder.EclipseLogger - Using 'UTF-8' encoding to copy filtered resources.
2021-02-26 16:42:51,200 [Worker-14: Building] INFO  o.e.m.c.i.embedder.EclipseLogger - skip non existing resourceDirectory C:\Users\Leo\Desktop\Back End Coding Bootcamp\Web API with Spring Boot\Final Project\indieWearhaul\src\main\resources
2021-02-26 16:42:51,204 [Worker-14: Building] INFO  o.e.m.c.i.embedder.EclipseLogger - Using 'UTF-8' encoding to copy filtered resources.
2021-02-26 16:42:51,204 [Worker-14: Building] INFO  o.e.m.c.i.embedder.EclipseLogger - skip non existing resourceDirectory C:\Users\Leo\Desktop\Back End Coding Bootcamp\Web API with Spring Boot\Final Project\indieWearhaul\src\test\resources
2021-02-26 16:43:15,198 [Worker-19: Building] INFO  o.e.m.c.i.embedder.EclipseLogger - Using 'UTF-8' encoding to copy filtered resources.
2021-02-26 16:43:15,198 [Worker-19: Building] INFO  o.e.m.c.i.embedder.EclipseLogger - skip non existing resourceDirectory C:\Users\Leo\Desktop\Back End Coding Bootcamp\Web API with Spring Boot\Final Project\indieWearhaul\src\main\resources
2021-02-26 16:43:15,200 [Worker-19: Building] INFO  o.e.m.c.i.embedder.EclipseLogger - Using 'UTF-8' encoding to copy filtered resources.
2021-02-26 16:43:15,200 [Worker-19: Building] INFO  o.e.m.c.i.embedder.EclipseLogger - skip non existing resourceDirectory C:\Users\Leo\Desktop\Back End Coding Bootcamp\Web API with Spring Boot\Final Project\indieWearhaul\src\test\resources
2021-02-26 16:43:57,115 [Worker-18: Building] INFO  o.e.m.c.i.embedder.EclipseLogger - Using 'UTF-8' encoding to copy filtered resources.
2021-02-26 16:43:57,116 [Worker-18: Building] INFO  o.e.m.c.i.embedder.EclipseLogger - skip non existing resourceDirectory C:\Users\Leo\Desktop\Back End Coding Bootcamp\Web API with Spring Boot\Final Project\indieWearhaul\src\main\resources
2021-02-26 16:43:57,122 [Worker-18: Building] INFO  o.e.m.c.i.embedder.EclipseLogger - Using 'UTF-8' encoding to copy filtered resources.
2021-02-26 16:43:57,122 [Worker-18: Building] INFO  o.e.m.c.i.embedder.EclipseLogger - skip non existing resourceDirectory C:\Users\Leo\Desktop\Back End Coding Bootcamp\Web API with Spring Boot\Final Project\indieWearhaul\src\test\resources
2021-02-26 16:44:47,072 [Worker-18: Updating Maven Dependencies] INFO  o.e.m.c.i.l.LifecycleMappingFactory - Using org.eclipse.m2e.jdt.JarLifecycleMapping lifecycle mapping for MavenProject: com.springweekthree:hashingvideo:0.0.1-SNAPSHOT @ C:\Users\Leo\Desktop\Back End Coding Bootcamp\Web API with Spring Boot\Week 3\hashingsaltingtokens\pom.xml.
2021-02-26 16:44:47,188 [Worker-20: Building] INFO  o.e.m.c.i.l.LifecycleMappingFactory - Using org.eclipse.m2e.jdt.JarLifecycleMapping lifecycle mapping for MavenProject: com.springweekthree:hashingvideo:0.0.1-SNAPSHOT @ C:\Users\Leo\Desktop\Back End Coding Bootcamp\Web API with Spring Boot\Week 3\hashingsaltingtokens\pom.xml.
2021-02-26 16:44:47,732 [Worker-20: Building] INFO  o.e.m.c.i.embedder.EclipseLogger - Using 'UTF-8' encoding to copy filtered resources.
2021-02-26 16:44:47,732 [Worker-20: Building] INFO  o.e.m.c.i.embedder.EclipseLogger - skip non existing resourceDirectory C:\Users\Leo\Desktop\Back End Coding Bootcamp\Web API with Spring Boot\Week 3\hashingsaltingtokens\src\main\resources
2021-02-26 16:44:47,734 [Worker-20: Building] INFO  o.e.m.c.i.embedder.EclipseLogger - Using 'UTF-8' encoding to copy filtered resources.
2021-02-26 16:44:47,734 [Worker-20: Building] INFO  o.e.m.c.i.embedder.EclipseLogger - skip non existing resourceDirectory C:\Users\Leo\Desktop\Back End Coding Bootcamp\Web API with Spring Boot\Week 3\hashingsaltingtokens\src\test\resources
2021-02-26 16:44:48,071 [Worker-14: Building] INFO  o.e.m.c.i.embedder.EclipseLogger - Using 'UTF-8' encoding to copy filtered resources.
2021-02-26 16:44:48,071 [Worker-14: Building] INFO  o.e.m.c.i.embedder.EclipseLogger - skip non existing resourceDirectory C:\Users\Leo\Desktop\Back End Coding Bootcamp\Web API with Spring Boot\Week 3\hashingsaltingtokens\src\main\resources
2021-02-26 16:44:48,072 [Worker-14: Building] INFO  o.e.m.c.i.embedder.EclipseLogger - Using 'UTF-8' encoding to copy filtered resources.
2021-02-26 16:44:48,072 [Worker-14: Building] INFO  o.e.m.c.i.embedder.EclipseLogger - skip non existing resourceDirectory C:\Users\Leo\Desktop\Back End Coding Bootcamp\Web API with Spring Boot\Week 3\hashingsaltingtokens\src\test\resources
2021-02-26 16:44:48,968 [Worker-14: Updating Maven Dependencies] INFO  o.e.m.c.i.l.LifecycleMappingFactory - Using org.eclipse.m2e.jdt.JarLifecycleMapping lifecycle mapping for MavenProject: com.springweekthree:hashingvideo:0.0.1-SNAPSHOT @ C:\Users\Leo\Desktop\Back End Coding Bootcamp\Web API with Spring Boot\Week 3\hashingsaltingtokens\pom.xml.
2021-02-26 16:44:49,258 [Worker-19: Building] INFO  o.e.m.c.i.embedder.EclipseLogger - Using 'UTF-8' encoding to copy filtered resources.
2021-02-26 16:44:49,258 [Worker-19: Building] INFO  o.e.m.c.i.embedder.EclipseLogger - skip non existing resourceDirectory C:\Users\Leo\Desktop\Back End Coding Bootcamp\Web API with Spring Boot\Week 3\hashingsaltingtokens\src\main\resources
2021-02-26 16:44:49,261 [Worker-19: Building] INFO  o.e.m.c.i.embedder.EclipseLogger - Using 'UTF-8' encoding to copy filtered resources.
2021-02-26 16:44:49,261 [Worker-19: Building] INFO  o.e.m.c.i.embedder.EclipseLogger - skip non existing resourceDirectory C:\Users\Leo\Desktop\Back End Coding Bootcamp\Web API with Spring Boot\Week 3\hashingsaltingtokens\src\test\resources
2021-02-26 16:47:58,229 [Worker-24: Building] INFO  o.e.m.c.i.embedder.EclipseLogger - Using 'UTF-8' encoding to copy filtered resources.
2021-02-26 16:47:58,230 [Worker-24: Building] INFO  o.e.m.c.i.embedder.EclipseLogger - skip non existing resourceDirectory C:\Users\Leo\Desktop\Back End Coding Bootcamp\Web API with Spring Boot\Final Project\indieWearhaul\src\main\resources
2021-02-26 16:47:58,232 [Worker-24: Building] INFO  o.e.m.c.i.embedder.EclipseLogger - Using 'UTF-8' encoding to copy filtered resources.
2021-02-26 16:47:58,233 [Worker-24: Building] INFO  o.e.m.c.i.embedder.EclipseLogger - skip non existing resourceDirectory C:\Users\Leo\Desktop\Back End Coding Bootcamp\Web API with Spring Boot\Final Project\indieWearhaul\src\test\resources
2021-02-26 16:48:34,775 [Worker-25: Building] INFO  o.e.m.c.i.embedder.EclipseLogger - Using 'UTF-8' encoding to copy filtered resources.
2021-02-26 16:48:34,775 [Worker-25: Building] INFO  o.e.m.c.i.embedder.EclipseLogger - skip non existing resourceDirectory C:\Users\Leo\Desktop\Back End Coding Bootcamp\Web API with Spring Boot\Final Project\indieWearhaul\src\main\resources
2021-02-26 16:48:34,778 [Worker-25: Building] INFO  o.e.m.c.i.embedder.EclipseLogger - Using 'UTF-8' encoding to copy filtered resources.
2021-02-26 16:48:34,778 [Worker-25: Building] INFO  o.e.m.c.i.embedder.EclipseLogger - skip non existing resourceDirectory C:\Users\Leo\Desktop\Back End Coding Bootcamp\Web API with Spring Boot\Final Project\indieWearhaul\src\test\resources
2021-02-26 16:49:33,281 [Worker-19: Updating Maven Project] INFO  o.e.m.c.i.p.ProjectConfigurationManager - Update started
2021-02-26 16:49:33,604 [Worker-19: Updating Maven Project] INFO  o.e.m.c.i.l.LifecycleMappingFactory - Using org.eclipse.m2e.jdt.JarLifecycleMapping lifecycle mapping for MavenProject: springbootfinal:indieWearhaul:0.0.1-SNAPSHOT @ C:\Users\Leo\Desktop\Back End Coding Bootcamp\Web API with Spring Boot\Final Project\indieWearhaul\pom.xml.
2021-02-26 16:49:33,785 [Worker-19: Updating Maven Project] INFO  o.e.m.j.i.AbstractJavaProjectConfigurator - Adding source folder /indieWearhaul/src/main/java
2021-02-26 16:49:33,786 [Worker-19: Updating Maven Project] INFO  o.e.m.j.i.AbstractJavaProjectConfigurator - Adding source folder /indieWearhaul/src/test/java
2021-02-26 16:49:33,957 [Worker-19: Updating Maven Project] INFO  o.e.m.c.i.p.ProjectConfigurationManager - Update completed: 0 sec
2021-02-26 16:49:34,286 [Worker-26: Building] INFO  o.e.m.c.i.embedder.EclipseLogger - Using 'UTF-8' encoding to copy filtered resources.
2021-02-26 16:49:34,287 [Worker-26: Building] INFO  o.e.m.c.i.embedder.EclipseLogger - skip non existing resourceDirectory C:\Users\Leo\Desktop\Back End Coding Bootcamp\Web API with Spring Boot\Final Project\indieWearhaul\src\main\resources
2021-02-26 16:49:34,291 [Worker-26: Building] INFO  o.e.m.c.i.embedder.EclipseLogger - Using 'UTF-8' encoding to copy filtered resources.
2021-02-26 16:49:34,292 [Worker-26: Building] INFO  o.e.m.c.i.embedder.EclipseLogger - skip non existing resourceDirectory C:\Users\Leo\Desktop\Back End Coding Bootcamp\Web API with Spring Boot\Final Project\indieWearhaul\src\test\resources
2021-02-26 16:55:18,460 [Worker-27: Building] INFO  o.e.m.c.i.l.LifecycleMappingFactory - Using org.eclipse.m2e.jdt.JarLifecycleMapping lifecycle mapping for MavenProject: springbootfinal:indieWearhaul:0.0.1-SNAPSHOT @ C:\Users\Leo\Desktop\Back End Coding Bootcamp\Web API with Spring Boot\Final Project\indieWearhaul\pom.xml.
2021-02-26 16:55:21,519 [Worker-27: Building] INFO  o.e.m.c.i.embedder.EclipseLogger - Using 'UTF-8' encoding to copy filtered resources.
2021-02-26 16:55:21,520 [Worker-27: Building] INFO  o.e.m.c.i.embedder.EclipseLogger - skip non existing resourceDirectory C:\Users\Leo\Desktop\Back End Coding Bootcamp\Web API with Spring Boot\Final Project\indieWearhaul\src\main\resources
2021-02-26 16:55:21,521 [Worker-27: Building] INFO  o.e.m.c.i.embedder.EclipseLogger - skip non existing resourceDirectory C:\Users\Leo\Desktop\Back End Coding Bootcamp\Web API with Spring Boot\Final Project\indieWearhaul\src\main\resources
2021-02-26 16:55:21,524 [Worker-27: Building] INFO  o.e.m.c.i.embedder.EclipseLogger - Using 'UTF-8' encoding to copy filtered resources.
2021-02-26 16:55:21,524 [Worker-27: Building] INFO  o.e.m.c.i.embedder.EclipseLogger - skip non existing resourceDirectory C:\Users\Leo\Desktop\Back End Coding Bootcamp\Web API with Spring Boot\Final Project\indieWearhaul\src\test\resources
2021-02-26 16:55:45,730 [Worker-19: Building] INFO  o.e.m.c.i.l.LifecycleMappingFactory - Using org.eclipse.m2e.jdt.JarLifecycleMapping lifecycle mapping for MavenProject: springbootfinal:indieWearhaul:0.0.1-SNAPSHOT @ C:\Users\Leo\Desktop\Back End Coding Bootcamp\Web API with Spring Boot\Final Project\indieWearhaul\pom.xml.
2021-02-26 16:55:46,139 [Worker-19: Building] INFO  o.e.m.c.i.embedder.EclipseLogger - Using 'UTF-8' encoding to copy filtered resources.
2021-02-26 16:55:46,139 [Worker-19: Building] INFO  o.e.m.c.i.embedder.EclipseLogger - skip non existing resourceDirectory C:\Users\Leo\Desktop\Back End Coding Bootcamp\Web API with Spring Boot\Final Project\indieWearhaul\src\main\resources
2021-02-26 16:55:46,139 [Worker-19: Building] INFO  o.e.m.c.i.embedder.EclipseLogger - skip non existing resourceDirectory C:\Users\Leo\Desktop\Back End Coding Bootcamp\Web API with Spring Boot\Final Project\indieWearhaul\src\main\resources
2021-02-26 16:55:46,142 [Worker-19: Building] INFO  o.e.m.c.i.embedder.EclipseLogger - Using 'UTF-8' encoding to copy filtered resources.
2021-02-26 16:55:46,142 [Worker-19: Building] INFO  o.e.m.c.i.embedder.EclipseLogger - skip non existing resourceDirectory C:\Users\Leo\Desktop\Back End Coding Bootcamp\Web API with Spring Boot\Final Project\indieWearhaul\src\test\resources
2021-02-26 16:55:48,587 [Worker-28: Building] INFO  o.e.m.c.i.embedder.EclipseLogger - Using 'UTF-8' encoding to copy filtered resources.
2021-02-26 16:55:48,588 [Worker-28: Building] INFO  o.e.m.c.i.embedder.EclipseLogger - skip non existing resourceDirectory C:\Users\Leo\Desktop\Back End Coding Bootcamp\Web API with Spring Boot\Final Project\indieWearhaul\src\main\resources
2021-02-26 16:55:48,589 [Worker-28: Building] INFO  o.e.m.c.i.embedder.EclipseLogger - skip non existing resourceDirectory C:\Users\Leo\Desktop\Back End Coding Bootcamp\Web API with Spring Boot\Final Project\indieWearhaul\src\main\resources
2021-02-26 16:55:48,591 [Worker-28: Building] INFO  o.e.m.c.i.embedder.EclipseLogger - Using 'UTF-8' encoding to copy filtered resources.
2021-02-26 16:55:48,592 [Worker-28: Building] INFO  o.e.m.c.i.embedder.EclipseLogger - skip non existing resourceDirectory C:\Users\Leo\Desktop\Back End Coding Bootcamp\Web API with Spring Boot\Final Project\indieWearhaul\src\test\resources
2021-02-26 16:55:50,080 [Worker-29: Building] INFO  o.e.m.c.i.l.LifecycleMappingFactory - Using org.eclipse.m2e.jdt.JarLifecycleMapping lifecycle mapping for MavenProject: springbootfinal:indieWearhaul:0.0.1-SNAPSHOT @ C:\Users\Leo\Desktop\Back End Coding Bootcamp\Web API with Spring Boot\Final Project\indieWearhaul\pom.xml.
2021-02-26 16:55:50,705 [Worker-29: Building] INFO  o.e.m.c.i.embedder.EclipseLogger - Using 'UTF-8' encoding to copy filtered resources.
2021-02-26 16:55:50,705 [Worker-29: Building] INFO  o.e.m.c.i.embedder.EclipseLogger - skip non existing resourceDirectory C:\Users\Leo\Desktop\Back End Coding Bootcamp\Web API with Spring Boot\Final Project\indieWearhaul\src\main\resources
2021-02-26 16:55:50,705 [Worker-29: Building] INFO  o.e.m.c.i.embedder.EclipseLogger - skip non existing resourceDirectory C:\Users\Leo\Desktop\Back End Coding Bootcamp\Web API with Spring Boot\Final Project\indieWearhaul\src\main\resources
2021-02-26 16:55:50,708 [Worker-29: Building] INFO  o.e.m.c.i.embedder.EclipseLogger - Using 'UTF-8' encoding to copy filtered resources.
2021-02-26 16:55:50,709 [Worker-29: Building] INFO  o.e.m.c.i.embedder.EclipseLogger - skip non existing resourceDirectory C:\Users\Leo\Desktop\Back End Coding Bootcamp\Web API with Spring Boot\Final Project\indieWearhaul\src\test\resources
2021-02-26 16:55:52,137 [Worker-31: Building] INFO  o.e.m.c.i.l.LifecycleMappingFactory - Using org.eclipse.m2e.jdt.JarLifecycleMapping lifecycle mapping for MavenProject: springbootfinal:indieWearhaul:0.0.1-SNAPSHOT @ C:\Users\Leo\Desktop\Back End Coding Bootcamp\Web API with Spring Boot\Final Project\indieWearhaul\pom.xml.
2021-02-26 16:55:52,900 [Worker-31: Building] INFO  o.e.m.c.i.embedder.EclipseLogger - Using 'UTF-8' encoding to copy filtered resources.
2021-02-26 16:55:52,900 [Worker-31: Building] INFO  o.e.m.c.i.embedder.EclipseLogger - skip non existing resourceDirectory C:\Users\Leo\Desktop\Back End Coding Bootcamp\Web API with Spring Boot\Final Project\indieWearhaul\src\main\resources
2021-02-26 16:55:52,900 [Worker-31: Building] INFO  o.e.m.c.i.embedder.EclipseLogger - skip non existing resourceDirectory C:\Users\Leo\Desktop\Back End Coding Bootcamp\Web API with Spring Boot\Final Project\indieWearhaul\src\main\resources
2021-02-26 16:55:52,903 [Worker-31: Building] INFO  o.e.m.c.i.embedder.EclipseLogger - Using 'UTF-8' encoding to copy filtered resources.
2021-02-26 16:55:52,903 [Worker-31: Building] INFO  o.e.m.c.i.embedder.EclipseLogger - skip non existing resourceDirectory C:\Users\Leo\Desktop\Back End Coding Bootcamp\Web API with Spring Boot\Final Project\indieWearhaul\src\test\resources
2021-02-26 16:56:11,089 [Worker-30: Building] INFO  o.e.m.c.i.l.LifecycleMappingFactory - Using org.eclipse.m2e.jdt.JarLifecycleMapping lifecycle mapping for MavenProject: springbootfinal:indieWearhaul:0.0.1-SNAPSHOT @ C:\Users\Leo\Desktop\Back End Coding Bootcamp\Web API with Spring Boot\Final Project\indieWearhaul\pom.xml.
2021-02-26 16:56:12,120 [Worker-30: Building] INFO  o.e.m.c.i.embedder.EclipseLogger - Using 'UTF-8' encoding to copy filtered resources.
2021-02-26 16:56:12,122 [Worker-30: Building] INFO  o.e.m.c.i.embedder.EclipseLogger - skip non existing resourceDirectory C:\Users\Leo\Desktop\Back End Coding Bootcamp\Web API with Spring Boot\Final Project\indieWearhaul\src\main\resources
2021-02-26 16:56:12,122 [Worker-30: Building] INFO  o.e.m.c.i.embedder.EclipseLogger - skip non existing resourceDirectory C:\Users\Leo\Desktop\Back End Coding Bootcamp\Web API with Spring Boot\Final Project\indieWearhaul\src\main\resources
2021-02-26 16:56:12,124 [Worker-30: Building] INFO  o.e.m.c.i.embedder.EclipseLogger - Using 'UTF-8' encoding to copy filtered resources.
2021-02-26 16:56:12,124 [Worker-30: Building] INFO  o.e.m.c.i.embedder.EclipseLogger - skip non existing resourceDirectory C:\Users\Leo\Desktop\Back End Coding Bootcamp\Web API with Spring Boot\Final Project\indieWearhaul\src\test\resources
2021-02-26 16:56:17,394 [Worker-31: Building] INFO  o.e.m.c.i.embedder.EclipseLogger - Using 'UTF-8' encoding to copy filtered resources.
2021-02-26 16:56:17,394 [Worker-31: Building] INFO  o.e.m.c.i.embedder.EclipseLogger - skip non existing resourceDirectory C:\Users\Leo\Desktop\Back End Coding Bootcamp\Web API with Spring Boot\Final Project\indieWearhaul\src\main\resources
2021-02-26 16:56:17,394 [Worker-31: Building] INFO  o.e.m.c.i.embedder.EclipseLogger - skip non existing resourceDirectory C:\Users\Leo\Desktop\Back End Coding Bootcamp\Web API with Spring Boot\Final Project\indieWearhaul\src\main\resources
2021-02-26 16:56:17,398 [Worker-31: Building] INFO  o.e.m.c.i.embedder.EclipseLogger - Using 'UTF-8' encoding to copy filtered resources.
2021-02-26 16:56:17,398 [Worker-31: Building] INFO  o.e.m.c.i.embedder.EclipseLogger - skip non existing resourceDirectory C:\Users\Leo\Desktop\Back End Coding Bootcamp\Web API with Spring Boot\Final Project\indieWearhaul\src\test\resources
2021-02-26 16:56:38,783 [Worker-28: Building] INFO  o.e.m.c.i.l.LifecycleMappingFactory - Using org.eclipse.m2e.jdt.JarLifecycleMapping lifecycle mapping for MavenProject: springbootfinal:indieWearhaul:0.0.1-SNAPSHOT @ C:\Users\Leo\Desktop\Back End Coding Bootcamp\Web API with Spring Boot\Final Project\indieWearhaul\pom.xml.
2021-02-26 16:56:39,474 [Worker-28: Building] INFO  o.e.m.c.i.embedder.EclipseLogger - Using 'UTF-8' encoding to copy filtered resources.
2021-02-26 16:56:39,474 [Worker-28: Building] INFO  o.e.m.c.i.embedder.EclipseLogger - skip non existing resourceDirectory C:\Users\Leo\Desktop\Back End Coding Bootcamp\Web API with Spring Boot\Final Project\indieWearhaul\src\main\resources
2021-02-26 16:56:39,475 [Worker-28: Building] INFO  o.e.m.c.i.embedder.EclipseLogger - skip non existing resourceDirectory C:\Users\Leo\Desktop\Back End Coding Bootcamp\Web API with Spring Boot\Final Project\indieWearhaul\src\main\resources
2021-02-26 16:56:39,479 [Worker-28: Building] INFO  o.e.m.c.i.embedder.EclipseLogger - Using 'UTF-8' encoding to copy filtered resources.
2021-02-26 16:56:39,479 [Worker-28: Building] INFO  o.e.m.c.i.embedder.EclipseLogger - skip non existing resourceDirectory C:\Users\Leo\Desktop\Back End Coding Bootcamp\Web API with Spring Boot\Final Project\indieWearhaul\src\test\resources
2021-02-26 16:56:40,353 [Worker-30: Building] INFO  o.e.m.c.i.embedder.EclipseLogger - Using 'UTF-8' encoding to copy filtered resources.
2021-02-26 16:56:40,353 [Worker-30: Building] INFO  o.e.m.c.i.embedder.EclipseLogger - skip non existing resourceDirectory C:\Users\Leo\Desktop\Back End Coding Bootcamp\Web API with Spring Boot\Final Project\indieWearhaul\src\main\resources
2021-02-26 16:56:40,353 [Worker-30: Building] INFO  o.e.m.c.i.embedder.EclipseLogger - skip non existing resourceDirectory C:\Users\Leo\Desktop\Back End Coding Bootcamp\Web API with Spring Boot\Final Project\indieWearhaul\src\main\resources
2021-02-26 16:56:40,356 [Worker-30: Building] INFO  o.e.m.c.i.embedder.EclipseLogger - Using 'UTF-8' encoding to copy filtered resources.
2021-02-26 16:56:40,357 [Worker-30: Building] INFO  o.e.m.c.i.embedder.EclipseLogger - skip non existing resourceDirectory C:\Users\Leo\Desktop\Back End Coding Bootcamp\Web API with Spring Boot\Final Project\indieWearhaul\src\test\resources
2021-02-26 16:56:51,953 [Worker-19: Building] INFO  o.e.m.c.i.l.LifecycleMappingFactory - Using org.eclipse.m2e.jdt.JarLifecycleMapping lifecycle mapping for MavenProject: springbootfinal:indieWearhaul:0.0.1-SNAPSHOT @ C:\Users\Leo\Desktop\Back End Coding Bootcamp\Web API with Spring Boot\Final Project\indieWearhaul\pom.xml.
2021-02-26 16:56:52,549 [Worker-19: Building] INFO  o.e.m.c.i.embedder.EclipseLogger - Using 'UTF-8' encoding to copy filtered resources.
2021-02-26 16:56:52,549 [Worker-19: Building] INFO  o.e.m.c.i.embedder.EclipseLogger - skip non existing resourceDirectory C:\Users\Leo\Desktop\Back End Coding Bootcamp\Web API with Spring Boot\Final Project\indieWearhaul\src\main\resources
2021-02-26 16:56:52,550 [Worker-19: Building] INFO  o.e.m.c.i.embedder.EclipseLogger - skip non existing resourceDirectory C:\Users\Leo\Desktop\Back End Coding Bootcamp\Web API with Spring Boot\Final Project\indieWearhaul\src\main\resources
2021-02-26 16:56:52,552 [Worker-19: Building] INFO  o.e.m.c.i.embedder.EclipseLogger - Using 'UTF-8' encoding to copy filtered resources.
2021-02-26 16:56:52,552 [Worker-19: Building] INFO  o.e.m.c.i.embedder.EclipseLogger - skip non existing resourceDirectory C:\Users\Leo\Desktop\Back End Coding Bootcamp\Web API with Spring Boot\Final Project\indieWearhaul\src\test\resources
2021-02-26 16:56:54,187 [Worker-29: Building] INFO  o.e.m.c.i.embedder.EclipseLogger - Using 'UTF-8' encoding to copy filtered resources.
2021-02-26 16:56:54,187 [Worker-29: Building] INFO  o.e.m.c.i.embedder.EclipseLogger - skip non existing resourceDirectory C:\Users\Leo\Desktop\Back End Coding Bootcamp\Web API with Spring Boot\Final Project\indieWearhaul\src\main\resources
2021-02-26 16:56:54,187 [Worker-29: Building] INFO  o.e.m.c.i.embedder.EclipseLogger - skip non existing resourceDirectory C:\Users\Leo\Desktop\Back End Coding Bootcamp\Web API with Spring Boot\Final Project\indieWearhaul\src\main\resources
2021-02-26 16:56:54,190 [Worker-29: Building] INFO  o.e.m.c.i.embedder.EclipseLogger - Using 'UTF-8' encoding to copy filtered resources.
2021-02-26 16:56:54,190 [Worker-29: Building] INFO  o.e.m.c.i.embedder.EclipseLogger - skip non existing resourceDirectory C:\Users\Leo\Desktop\Back End Coding Bootcamp\Web API with Spring Boot\Final Project\indieWearhaul\src\test\resources
2021-02-26 16:57:17,990 [Worker-29: Building] INFO  o.e.m.c.i.l.LifecycleMappingFactory - Using org.eclipse.m2e.jdt.JarLifecycleMapping lifecycle mapping for MavenProject: springbootfinal:indieWearhaul:0.0.1-SNAPSHOT @ C:\Users\Leo\Desktop\Back End Coding Bootcamp\Web API with Spring Boot\Final Project\indieWearhaul\pom.xml.
2021-02-26 16:57:18,633 [Worker-29: Building] INFO  o.e.m.c.i.embedder.EclipseLogger - Using 'UTF-8' encoding to copy filtered resources.
2021-02-26 16:57:18,633 [Worker-29: Building] INFO  o.e.m.c.i.embedder.EclipseLogger - skip non existing resourceDirectory C:\Users\Leo\Desktop\Back End Coding Bootcamp\Web API with Spring Boot\Final Project\indieWearhaul\src\main\resources
2021-02-26 16:57:18,633 [Worker-29: Building] INFO  o.e.m.c.i.embedder.EclipseLogger - skip non existing resourceDirectory C:\Users\Leo\Desktop\Back End Coding Bootcamp\Web API with Spring Boot\Final Project\indieWearhaul\src\main\resources
2021-02-26 16:57:18,636 [Worker-29: Building] INFO  o.e.m.c.i.embedder.EclipseLogger - Using 'UTF-8' encoding to copy filtered resources.
2021-02-26 16:57:18,636 [Worker-29: Building] INFO  o.e.m.c.i.embedder.EclipseLogger - skip non existing resourceDirectory C:\Users\Leo\Desktop\Back End Coding Bootcamp\Web API with Spring Boot\Final Project\indieWearhaul\src\test\resources
2021-02-26 16:57:19,334 [Worker-27: Building] INFO  o.e.m.c.i.embedder.EclipseLogger - Using 'UTF-8' encoding to copy filtered resources.
2021-02-26 16:57:19,334 [Worker-27: Building] INFO  o.e.m.c.i.embedder.EclipseLogger - skip non existing resourceDirectory C:\Users\Leo\Desktop\Back End Coding Bootcamp\Web API with Spring Boot\Final Project\indieWearhaul\src\main\resources
2021-02-26 16:57:19,334 [Worker-27: Building] INFO  o.e.m.c.i.embedder.EclipseLogger - skip non existing resourceDirectory C:\Users\Leo\Desktop\Back End Coding Bootcamp\Web API with Spring Boot\Final Project\indieWearhaul\src\main\resources
2021-02-26 16:57:19,337 [Worker-27: Building] INFO  o.e.m.c.i.embedder.EclipseLogger - Using 'UTF-8' encoding to copy filtered resources.
2021-02-26 16:57:19,337 [Worker-27: Building] INFO  o.e.m.c.i.embedder.EclipseLogger - skip non existing resourceDirectory C:\Users\Leo\Desktop\Back End Coding Bootcamp\Web API with Spring Boot\Final Project\indieWearhaul\src\test\resources
2021-02-26 16:57:43,857 [Worker-31: Building] INFO  o.e.m.c.i.l.LifecycleMappingFactory - Using org.eclipse.m2e.jdt.JarLifecycleMapping lifecycle mapping for MavenProject: springbootfinal:indieWearhaul:0.0.1-SNAPSHOT @ C:\Users\Leo\Desktop\Back End Coding Bootcamp\Web API with Spring Boot\Final Project\indieWearhaul\pom.xml.
2021-02-26 16:57:44,787 [Worker-31: Building] INFO  o.e.m.c.i.embedder.EclipseLogger - Using 'UTF-8' encoding to copy filtered resources.
2021-02-26 16:57:44,788 [Worker-31: Building] INFO  o.e.m.c.i.embedder.EclipseLogger - skip non existing resourceDirectory C:\Users\Leo\Desktop\Back End Coding Bootcamp\Web API with Spring Boot\Final Project\indieWearhaul\src\main\resources
2021-02-26 16:57:44,788 [Worker-31: Building] INFO  o.e.m.c.i.embedder.EclipseLogger - skip non existing resourceDirectory C:\Users\Leo\Desktop\Back End Coding Bootcamp\Web API with Spring Boot\Final Project\indieWearhaul\src\main\resources
2021-02-26 16:57:44,790 [Worker-31: Building] INFO  o.e.m.c.i.embedder.EclipseLogger - Using 'UTF-8' encoding to copy filtered resources.
2021-02-26 16:57:44,790 [Worker-31: Building] INFO  o.e.m.c.i.embedder.EclipseLogger - skip non existing resourceDirectory C:\Users\Leo\Desktop\Back End Coding Bootcamp\Web API with Spring Boot\Final Project\indieWearhaul\src\test\resources
2021-02-26 16:57:46,935 [Worker-27: Building] INFO  o.e.m.c.i.embedder.EclipseLogger - Using 'UTF-8' encoding to copy filtered resources.
2021-02-26 16:57:46,936 [Worker-27: Building] INFO  o.e.m.c.i.embedder.EclipseLogger - skip non existing resourceDirectory C:\Users\Leo\Desktop\Back End Coding Bootcamp\Web API with Spring Boot\Final Project\indieWearhaul\src\main\resources
2021-02-26 16:57:46,937 [Worker-27: Building] INFO  o.e.m.c.i.embedder.EclipseLogger - skip non existing resourceDirectory C:\Users\Leo\Desktop\Back End Coding Bootcamp\Web API with Spring Boot\Final Project\indieWearhaul\src\main\resources
2021-02-26 16:57:46,943 [Worker-27: Building] INFO  o.e.m.c.i.embedder.EclipseLogger - Using 'UTF-8' encoding to copy filtered resources.
2021-02-26 16:57:46,943 [Worker-27: Building] INFO  o.e.m.c.i.embedder.EclipseLogger - skip non existing resourceDirectory C:\Users\Leo\Desktop\Back End Coding Bootcamp\Web API with Spring Boot\Final Project\indieWearhaul\src\test\resources
2021-02-26 16:57:56,906 [Worker-31: Building] INFO  o.e.m.c.i.l.LifecycleMappingFactory - Using org.eclipse.m2e.jdt.JarLifecycleMapping lifecycle mapping for MavenProject: springbootfinal:indieWearhaul:0.0.1-SNAPSHOT @ C:\Users\Leo\Desktop\Back End Coding Bootcamp\Web API with Spring Boot\Final Project\indieWearhaul\pom.xml.
2021-02-26 16:57:57,732 [Worker-31: Building] INFO  o.e.m.c.i.embedder.EclipseLogger - Using 'UTF-8' encoding to copy filtered resources.
2021-02-26 16:57:57,733 [Worker-31: Building] INFO  o.e.m.c.i.embedder.EclipseLogger - skip non existing resourceDirectory C:\Users\Leo\Desktop\Back End Coding Bootcamp\Web API with Spring Boot\Final Project\indieWearhaul\src\main\resources
2021-02-26 16:57:57,733 [Worker-31: Building] INFO  o.e.m.c.i.embedder.EclipseLogger - skip non existing resourceDirectory C:\Users\Leo\Desktop\Back End Coding Bootcamp\Web API with Spring Boot\Final Project\indieWearhaul\src\main\resources
2021-02-26 16:57:57,736 [Worker-31: Building] INFO  o.e.m.c.i.embedder.EclipseLogger - Using 'UTF-8' encoding to copy filtered resources.
2021-02-26 16:57:57,737 [Worker-31: Building] INFO  o.e.m.c.i.embedder.EclipseLogger - skip non existing resourceDirectory C:\Users\Leo\Desktop\Back End Coding Bootcamp\Web API with Spring Boot\Final Project\indieWearhaul\src\test\resources
2021-02-26 16:57:59,776 [Worker-28: Building] INFO  o.e.m.c.i.embedder.EclipseLogger - Using 'UTF-8' encoding to copy filtered resources.
2021-02-26 16:57:59,776 [Worker-28: Building] INFO  o.e.m.c.i.embedder.EclipseLogger - skip non existing resourceDirectory C:\Users\Leo\Desktop\Back End Coding Bootcamp\Web API with Spring Boot\Final Project\indieWearhaul\src\main\resources
2021-02-26 16:57:59,777 [Worker-28: Building] INFO  o.e.m.c.i.embedder.EclipseLogger - skip non existing resourceDirectory C:\Users\Leo\Desktop\Back End Coding Bootcamp\Web API with Spring Boot\Final Project\indieWearhaul\src\main\resources
2021-02-26 16:57:59,782 [Worker-28: Building] INFO  o.e.m.c.i.embedder.EclipseLogger - Using 'UTF-8' encoding to copy filtered resources.
2021-02-26 16:57:59,783 [Worker-28: Building] INFO  o.e.m.c.i.embedder.EclipseLogger - skip non existing resourceDirectory C:\Users\Leo\Desktop\Back End Coding Bootcamp\Web API with Spring Boot\Final Project\indieWearhaul\src\test\resources
2021-02-26 17:01:10,563 [Worker-32: Building] INFO  o.e.m.c.i.embedder.EclipseLogger - Using 'UTF-8' encoding to copy filtered resources.
2021-02-26 17:01:10,564 [Worker-32: Building] INFO  o.e.m.c.i.embedder.EclipseLogger - skip non existing resourceDirectory C:\Users\Leo\Desktop\Back End Coding Bootcamp\Web API with Spring Boot\Final Project\indieWearhaul\src\main\resources
2021-02-26 17:01:10,564 [Worker-32: Building] INFO  o.e.m.c.i.embedder.EclipseLogger - skip non existing resourceDirectory C:\Users\Leo\Desktop\Back End Coding Bootcamp\Web API with Spring Boot\Final Project\indieWearhaul\src\main\resources
2021-02-26 17:01:10,628 [Worker-32: Building] INFO  o.e.m.c.i.embedder.EclipseLogger - Using 'UTF-8' encoding to copy filtered resources.
2021-02-26 17:01:10,628 [Worker-32: Building] INFO  o.e.m.c.i.embedder.EclipseLogger - skip non existing resourceDirectory C:\Users\Leo\Desktop\Back End Coding Bootcamp\Web API with Spring Boot\Final Project\indieWearhaul\src\test\resources
2021-02-26 17:03:02,367 [Worker-32: Building] INFO  o.e.m.c.i.embedder.EclipseLogger - Using 'UTF-8' encoding to copy filtered resources.
2021-02-26 17:03:02,368 [Worker-32: Building] INFO  o.e.m.c.i.embedder.EclipseLogger - skip non existing resourceDirectory C:\Users\Leo\Desktop\Back End Coding Bootcamp\Web API with Spring Boot\Final Project\indieWearhaul\src\main\resources
2021-02-26 17:03:02,368 [Worker-32: Building] INFO  o.e.m.c.i.embedder.EclipseLogger - skip non existing resourceDirectory C:\Users\Leo\Desktop\Back End Coding Bootcamp\Web API with Spring Boot\Final Project\indieWearhaul\src\main\resources
2021-02-26 17:03:02,371 [Worker-32: Building] INFO  o.e.m.c.i.embedder.EclipseLogger - Using 'UTF-8' encoding to copy filtered resources.
2021-02-26 17:03:02,371 [Worker-32: Building] INFO  o.e.m.c.i.embedder.EclipseLogger - skip non existing resourceDirectory C:\Users\Leo\Desktop\Back End Coding Bootcamp\Web API with Spring Boot\Final Project\indieWearhaul\src\test\resources
2021-02-26 17:03:30,469 [Worker-32: Building] INFO  o.e.m.c.i.embedder.EclipseLogger - Using 'UTF-8' encoding to copy filtered resources.
2021-02-26 17:03:30,470 [Worker-32: Building] INFO  o.e.m.c.i.embedder.EclipseLogger - skip non existing resourceDirectory C:\Users\Leo\Desktop\Back End Coding Bootcamp\Web API with Spring Boot\Final Project\indieWearhaul\src\main\resources
2021-02-26 17:03:30,470 [Worker-32: Building] INFO  o.e.m.c.i.embedder.EclipseLogger - skip non existing resourceDirectory C:\Users\Leo\Desktop\Back End Coding Bootcamp\Web API with Spring Boot\Final Project\indieWearhaul\src\main\resources
2021-02-26 17:03:30,472 [Worker-32: Building] INFO  o.e.m.c.i.embedder.EclipseLogger - Using 'UTF-8' encoding to copy filtered resources.
2021-02-26 17:03:30,472 [Worker-32: Building] INFO  o.e.m.c.i.embedder.EclipseLogger - skip non existing resourceDirectory C:\Users\Leo\Desktop\Back End Coding Bootcamp\Web API with Spring Boot\Final Project\indieWearhaul\src\test\resources
2021-02-26 17:03:45,727 [Worker-35: Building] INFO  o.e.m.c.i.embedder.EclipseLogger - Using 'UTF-8' encoding to copy filtered resources.
2021-02-26 17:03:45,728 [Worker-35: Building] INFO  o.e.m.c.i.embedder.EclipseLogger - skip non existing resourceDirectory C:\Users\Leo\Desktop\Back End Coding Bootcamp\Web API with Spring Boot\Final Project\indieWearhaul\src\main\resources
2021-02-26 17:03:45,729 [Worker-35: Building] INFO  o.e.m.c.i.embedder.EclipseLogger - skip non existing resourceDirectory C:\Users\Leo\Desktop\Back End Coding Bootcamp\Web API with Spring Boot\Final Project\indieWearhaul\src\main\resources
2021-02-26 17:03:45,733 [Worker-35: Building] INFO  o.e.m.c.i.embedder.EclipseLogger - Using 'UTF-8' encoding to copy filtered resources.
2021-02-26 17:03:45,740 [Worker-35: Building] INFO  o.e.m.c.i.embedder.EclipseLogger - skip non existing resourceDirectory C:\Users\Leo\Desktop\Back End Coding Bootcamp\Web API with Spring Boot\Final Project\indieWearhaul\src\test\resources
2021-02-26 17:07:23,972 [Worker-33: Building] INFO  o.e.m.c.i.embedder.EclipseLogger - Using 'UTF-8' encoding to copy filtered resources.
2021-02-26 17:07:23,973 [Worker-33: Building] INFO  o.e.m.c.i.embedder.EclipseLogger - skip non existing resourceDirectory C:\Users\Leo\Desktop\Back End Coding Bootcamp\Web API with Spring Boot\Final Project\indieWearhaul\src\main\resources
2021-02-26 17:07:23,973 [Worker-33: Building] INFO  o.e.m.c.i.embedder.EclipseLogger - skip non existing resourceDirectory C:\Users\Leo\Desktop\Back End Coding Bootcamp\Web API with Spring Boot\Final Project\indieWearhaul\src\main\resources
2021-02-26 17:07:23,977 [Worker-33: Building] INFO  o.e.m.c.i.embedder.EclipseLogger - Using 'UTF-8' encoding to copy filtered resources.
2021-02-26 17:07:23,977 [Worker-33: Building] INFO  o.e.m.c.i.embedder.EclipseLogger - skip non existing resourceDirectory C:\Users\Leo\Desktop\Back End Coding Bootcamp\Web API with Spring Boot\Final Project\indieWearhaul\src\test\resources
2021-02-26 17:08:28,772 [Worker-35: Building] INFO  o.e.m.c.i.embedder.EclipseLogger - Using 'UTF-8' encoding to copy filtered resources.
2021-02-26 17:08:28,772 [Worker-35: Building] INFO  o.e.m.c.i.embedder.EclipseLogger - skip non existing resourceDirectory C:\Users\Leo\Desktop\Back End Coding Bootcamp\Web API with Spring Boot\Final Project\indieWearhaul\src\main\resources
2021-02-26 17:08:28,773 [Worker-35: Building] INFO  o.e.m.c.i.embedder.EclipseLogger - skip non existing resourceDirectory C:\Users\Leo\Desktop\Back End Coding Bootcamp\Web API with Spring Boot\Final Project\indieWearhaul\src\main\resources
2021-02-26 17:08:28,777 [Worker-35: Building] INFO  o.e.m.c.i.embedder.EclipseLogger - Using 'UTF-8' encoding to copy filtered resources.
2021-02-26 17:08:28,778 [Worker-35: Building] INFO  o.e.m.c.i.embedder.EclipseLogger - skip non existing resourceDirectory C:\Users\Leo\Desktop\Back End Coding Bootcamp\Web API with Spring Boot\Final Project\indieWearhaul\src\test\resources
2021-02-26 17:10:50,019 [Worker-36: Building] INFO  o.e.m.c.i.embedder.EclipseLogger - Using 'UTF-8' encoding to copy filtered resources.
2021-02-26 17:10:50,020 [Worker-36: Building] INFO  o.e.m.c.i.embedder.EclipseLogger - skip non existing resourceDirectory C:\Users\Leo\Desktop\Back End Coding Bootcamp\Web API with Spring Boot\Final Project\indieWearhaul\src\main\resources
2021-02-26 17:10:50,020 [Worker-36: Building] INFO  o.e.m.c.i.embedder.EclipseLogger - skip non existing resourceDirectory C:\Users\Leo\Desktop\Back End Coding Bootcamp\Web API with Spring Boot\Final Project\indieWearhaul\src\main\resources
2021-02-26 17:10:50,026 [Worker-36: Building] INFO  o.e.m.c.i.embedder.EclipseLogger - Using 'UTF-8' encoding to copy filtered resources.
2021-02-26 17:10:50,027 [Worker-36: Building] INFO  o.e.m.c.i.embedder.EclipseLogger - skip non existing resourceDirectory C:\Users\Leo\Desktop\Back End Coding Bootcamp\Web API with Spring Boot\Final Project\indieWearhaul\src\test\resources
2021-02-26 17:12:23,676 [Worker-40: Building] INFO  o.e.m.c.i.embedder.EclipseLogger - Using 'UTF-8' encoding to copy filtered resources.
2021-02-26 17:12:23,676 [Worker-40: Building] INFO  o.e.m.c.i.embedder.EclipseLogger - skip non existing resourceDirectory C:\Users\Leo\Desktop\Back End Coding Bootcamp\Web API with Spring Boot\Final Project\indieWearhaul\src\main\resources
2021-02-26 17:12:23,676 [Worker-40: Building] INFO  o.e.m.c.i.embedder.EclipseLogger - skip non existing resourceDirectory C:\Users\Leo\Desktop\Back End Coding Bootcamp\Web API with Spring Boot\Final Project\indieWearhaul\src\main\resources
2021-02-26 17:12:23,679 [Worker-40: Building] INFO  o.e.m.c.i.embedder.EclipseLogger - Using 'UTF-8' encoding to copy filtered resources.
2021-02-26 17:12:23,679 [Worker-40: Building] INFO  o.e.m.c.i.embedder.EclipseLogger - skip non existing resourceDirectory C:\Users\Leo\Desktop\Back End Coding Bootcamp\Web API with Spring Boot\Final Project\indieWearhaul\src\test\resources
2021-02-26 17:13:56,454 [Worker-33: Building] INFO  o.e.m.c.i.embedder.EclipseLogger - Using 'UTF-8' encoding to copy filtered resources.
2021-02-26 17:13:56,455 [Worker-33: Building] INFO  o.e.m.c.i.embedder.EclipseLogger - skip non existing resourceDirectory C:\Users\Leo\Desktop\Back End Coding Bootcamp\Web API with Spring Boot\Final Project\indieWearhaul\src\main\resources
2021-02-26 17:13:56,455 [Worker-33: Building] INFO  o.e.m.c.i.embedder.EclipseLogger - skip non existing resourceDirectory C:\Users\Leo\Desktop\Back End Coding Bootcamp\Web API with Spring Boot\Final Project\indieWearhaul\src\main\resources
2021-02-26 17:13:56,458 [Worker-33: Building] INFO  o.e.m.c.i.embedder.EclipseLogger - Using 'UTF-8' encoding to copy filtered resources.
2021-02-26 17:13:56,459 [Worker-33: Building] INFO  o.e.m.c.i.embedder.EclipseLogger - skip non existing resourceDirectory C:\Users\Leo\Desktop\Back End Coding Bootcamp\Web API with Spring Boot\Final Project\indieWearhaul\src\test\resources
2021-02-26 17:14:11,561 [Worker-40: Building] INFO  o.e.m.c.i.embedder.EclipseLogger - Using 'UTF-8' encoding to copy filtered resources.
2021-02-26 17:14:11,561 [Worker-40: Building] INFO  o.e.m.c.i.embedder.EclipseLogger - skip non existing resourceDirectory C:\Users\Leo\Desktop\Back End Coding Bootcamp\Web API with Spring Boot\Final Project\indieWearhaul\src\main\resources
2021-02-26 17:14:11,561 [Worker-40: Building] INFO  o.e.m.c.i.embedder.EclipseLogger - skip non existing resourceDirectory C:\Users\Leo\Desktop\Back End Coding Bootcamp\Web API with Spring Boot\Final Project\indieWearhaul\src\main\resources
2021-02-26 17:14:11,563 [Worker-40: Building] INFO  o.e.m.c.i.embedder.EclipseLogger - Using 'UTF-8' encoding to copy filtered resources.
2021-02-26 17:14:11,564 [Worker-40: Building] INFO  o.e.m.c.i.embedder.EclipseLogger - skip non existing resourceDirectory C:\Users\Leo\Desktop\Back End Coding Bootcamp\Web API with Spring Boot\Final Project\indieWearhaul\src\test\resources
2021-02-26 17:14:15,862 [Worker-33: Building] INFO  o.e.m.c.i.embedder.EclipseLogger - Using 'UTF-8' encoding to copy filtered resources.
2021-02-26 17:14:15,864 [Worker-33: Building] INFO  o.e.m.c.i.embedder.EclipseLogger - skip non existing resourceDirectory C:\Users\Leo\Desktop\Back End Coding Bootcamp\Web API with Spring Boot\Final Project\indieWearhaul\src\main\resources
2021-02-26 17:14:15,864 [Worker-33: Building] INFO  o.e.m.c.i.embedder.EclipseLogger - skip non existing resourceDirectory C:\Users\Leo\Desktop\Back End Coding Bootcamp\Web API with Spring Boot\Final Project\indieWearhaul\src\main\resources
2021-02-26 17:14:15,867 [Worker-33: Building] INFO  o.e.m.c.i.embedder.EclipseLogger - Using 'UTF-8' encoding to copy filtered resources.
2021-02-26 17:14:15,867 [Worker-33: Building] INFO  o.e.m.c.i.embedder.EclipseLogger - skip non existing resourceDirectory C:\Users\Leo\Desktop\Back End Coding Bootcamp\Web API with Spring Boot\Final Project\indieWearhaul\src\test\resources
2021-02-26 17:16:32,556 [Worker-43: Building] INFO  o.e.m.c.i.embedder.EclipseLogger - Using 'UTF-8' encoding to copy filtered resources.
2021-02-26 17:16:32,557 [Worker-43: Building] INFO  o.e.m.c.i.embedder.EclipseLogger - skip non existing resourceDirectory C:\Users\Leo\Desktop\Back End Coding Bootcamp\Web API with Spring Boot\Final Project\indieWearhaul\src\main\resources
2021-02-26 17:16:32,557 [Worker-43: Building] INFO  o.e.m.c.i.embedder.EclipseLogger - skip non existing resourceDirectory C:\Users\Leo\Desktop\Back End Coding Bootcamp\Web API with Spring Boot\Final Project\indieWearhaul\src\main\resources
2021-02-26 17:16:32,559 [Worker-43: Building] INFO  o.e.m.c.i.embedder.EclipseLogger - Using 'UTF-8' encoding to copy filtered resources.
2021-02-26 17:16:32,560 [Worker-43: Building] INFO  o.e.m.c.i.embedder.EclipseLogger - skip non existing resourceDirectory C:\Users\Leo\Desktop\Back End Coding Bootcamp\Web API with Spring Boot\Final Project\indieWearhaul\src\test\resources
2021-02-26 17:17:16,499 [Worker-43: Building] INFO  o.e.m.c.i.embedder.EclipseLogger - Using 'UTF-8' encoding to copy filtered resources.
2021-02-26 17:17:16,500 [Worker-43: Building] INFO  o.e.m.c.i.embedder.EclipseLogger - skip non existing resourceDirectory C:\Users\Leo\Desktop\Back End Coding Bootcamp\Web API with Spring Boot\Final Project\indieWearhaul\src\main\resources
2021-02-26 17:17:16,500 [Worker-43: Building] INFO  o.e.m.c.i.embedder.EclipseLogger - skip non existing resourceDirectory C:\Users\Leo\Desktop\Back End Coding Bootcamp\Web API with Spring Boot\Final Project\indieWearhaul\src\main\resources
2021-02-26 17:17:16,505 [Worker-43: Building] INFO  o.e.m.c.i.embedder.EclipseLogger - Using 'UTF-8' encoding to copy filtered resources.
2021-02-26 17:17:16,505 [Worker-43: Building] INFO  o.e.m.c.i.embedder.EclipseLogger - skip non existing resourceDirectory C:\Users\Leo\Desktop\Back End Coding Bootcamp\Web API with Spring Boot\Final Project\indieWearhaul\src\test\resources
2021-02-26 17:17:34,551 [Worker-43: Building] INFO  o.e.m.c.i.embedder.EclipseLogger - Using 'UTF-8' encoding to copy filtered resources.
2021-02-26 17:17:34,552 [Worker-43: Building] INFO  o.e.m.c.i.embedder.EclipseLogger - skip non existing resourceDirectory C:\Users\Leo\Desktop\Back End Coding Bootcamp\Web API with Spring Boot\Final Project\indieWearhaul\src\main\resources
2021-02-26 17:17:34,552 [Worker-43: Building] INFO  o.e.m.c.i.embedder.EclipseLogger - skip non existing resourceDirectory C:\Users\Leo\Desktop\Back End Coding Bootcamp\Web API with Spring Boot\Final Project\indieWearhaul\src\main\resources
2021-02-26 17:17:34,554 [Worker-43: Building] INFO  o.e.m.c.i.embedder.EclipseLogger - Using 'UTF-8' encoding to copy filtered resources.
2021-02-26 17:17:34,555 [Worker-43: Building] INFO  o.e.m.c.i.embedder.EclipseLogger - skip non existing resourceDirectory C:\Users\Leo\Desktop\Back End Coding Bootcamp\Web API with Spring Boot\Final Project\indieWearhaul\src\test\resources
2021-02-26 17:18:02,611 [Worker-40: Building] INFO  o.e.m.c.i.embedder.EclipseLogger - Using 'UTF-8' encoding to copy filtered resources.
2021-02-26 17:18:02,612 [Worker-40: Building] INFO  o.e.m.c.i.embedder.EclipseLogger - skip non existing resourceDirectory C:\Users\Leo\Desktop\Back End Coding Bootcamp\Web API with Spring Boot\Final Project\indieWearhaul\src\main\resources
2021-02-26 17:18:02,612 [Worker-40: Building] INFO  o.e.m.c.i.embedder.EclipseLogger - skip non existing resourceDirectory C:\Users\Leo\Desktop\Back End Coding Bootcamp\Web API with Spring Boot\Final Project\indieWearhaul\src\main\resources
2021-02-26 17:18:02,623 [Worker-40: Building] INFO  o.e.m.c.i.embedder.EclipseLogger - Using 'UTF-8' encoding to copy filtered resources.
2021-02-26 17:18:02,623 [Worker-40: Building] INFO  o.e.m.c.i.embedder.EclipseLogger - skip non existing resourceDirectory C:\Users\Leo\Desktop\Back End Coding Bootcamp\Web API with Spring Boot\Final Project\indieWearhaul\src\test\resources
2021-02-26 17:18:24,605 [Worker-40: Building] INFO  o.e.m.c.i.embedder.EclipseLogger - Using 'UTF-8' encoding to copy filtered resources.
2021-02-26 17:18:24,607 [Worker-40: Building] INFO  o.e.m.c.i.embedder.EclipseLogger - skip non existing resourceDirectory C:\Users\Leo\Desktop\Back End Coding Bootcamp\Web API with Spring Boot\Final Project\indieWearhaul\src\main\resources
2021-02-26 17:18:24,609 [Worker-40: Building] INFO  o.e.m.c.i.embedder.EclipseLogger - skip non existing resourceDirectory C:\Users\Leo\Desktop\Back End Coding Bootcamp\Web API with Spring Boot\Final Project\indieWearhaul\src\main\resources
2021-02-26 17:18:24,615 [Worker-40: Building] INFO  o.e.m.c.i.embedder.EclipseLogger - Using 'UTF-8' encoding to copy filtered resources.
2021-02-26 17:18:24,616 [Worker-40: Building] INFO  o.e.m.c.i.embedder.EclipseLogger - skip non existing resourceDirectory C:\Users\Leo\Desktop\Back End Coding Bootcamp\Web API with Spring Boot\Final Project\indieWearhaul\src\test\resources
2021-02-26 17:21:18,061 [Worker-48: Building] INFO  o.e.m.c.i.embedder.EclipseLogger - Using 'UTF-8' encoding to copy filtered resources.
2021-02-26 17:21:18,062 [Worker-48: Building] INFO  o.e.m.c.i.embedder.EclipseLogger - skip non existing resourceDirectory C:\Users\Leo\Desktop\Back End Coding Bootcamp\Web API with Spring Boot\Final Project\indieWearhaul\src\main\resources
2021-02-26 17:21:18,062 [Worker-48: Building] INFO  o.e.m.c.i.embedder.EclipseLogger - skip non existing resourceDirectory C:\Users\Leo\Desktop\Back End Coding Bootcamp\Web API with Spring Boot\Final Project\indieWearhaul\src\main\resources
2021-02-26 17:21:18,071 [Worker-48: Building] INFO  o.e.m.c.i.embedder.EclipseLogger - Using 'UTF-8' encoding to copy filtered resources.
2021-02-26 17:21:18,071 [Worker-48: Building] INFO  o.e.m.c.i.embedder.EclipseLogger - skip non existing resourceDirectory C:\Users\Leo\Desktop\Back End Coding Bootcamp\Web API with Spring Boot\Final Project\indieWearhaul\src\test\resources
2021-02-26 17:21:29,114 [Worker-44: Building] INFO  o.e.m.c.i.embedder.EclipseLogger - Using 'UTF-8' encoding to copy filtered resources.
2021-02-26 17:21:29,115 [Worker-44: Building] INFO  o.e.m.c.i.embedder.EclipseLogger - skip non existing resourceDirectory C:\Users\Leo\Desktop\Back End Coding Bootcamp\Web API with Spring Boot\Final Project\indieWearhaul\src\main\resources
2021-02-26 17:21:29,115 [Worker-44: Building] INFO  o.e.m.c.i.embedder.EclipseLogger - skip non existing resourceDirectory C:\Users\Leo\Desktop\Back End Coding Bootcamp\Web API with Spring Boot\Final Project\indieWearhaul\src\main\resources
2021-02-26 17:21:29,117 [Worker-44: Building] INFO  o.e.m.c.i.embedder.EclipseLogger - Using 'UTF-8' encoding to copy filtered resources.
2021-02-26 17:21:29,117 [Worker-44: Building] INFO  o.e.m.c.i.embedder.EclipseLogger - skip non existing resourceDirectory C:\Users\Leo\Desktop\Back End Coding Bootcamp\Web API with Spring Boot\Final Project\indieWearhaul\src\test\resources
2021-02-26 17:22:20,081 [Worker-46: Building] INFO  o.e.m.c.i.embedder.EclipseLogger - Using 'UTF-8' encoding to copy filtered resources.
2021-02-26 17:22:20,083 [Worker-46: Building] INFO  o.e.m.c.i.embedder.EclipseLogger - skip non existing resourceDirectory C:\Users\Leo\Desktop\Back End Coding Bootcamp\Web API with Spring Boot\Final Project\indieWearhaul\src\main\resources
2021-02-26 17:22:20,083 [Worker-46: Building] INFO  o.e.m.c.i.embedder.EclipseLogger - skip non existing resourceDirectory C:\Users\Leo\Desktop\Back End Coding Bootcamp\Web API with Spring Boot\Final Project\indieWearhaul\src\main\resources
2021-02-26 17:22:20,088 [Worker-46: Building] INFO  o.e.m.c.i.embedder.EclipseLogger - Using 'UTF-8' encoding to copy filtered resources.
2021-02-26 17:22:20,088 [Worker-46: Building] INFO  o.e.m.c.i.embedder.EclipseLogger - skip non existing resourceDirectory C:\Users\Leo\Desktop\Back End Coding Bootcamp\Web API with Spring Boot\Final Project\indieWearhaul\src\test\resources
2021-02-26 17:22:23,053 [Worker-48: Building] INFO  o.e.m.c.i.embedder.EclipseLogger - Using 'UTF-8' encoding to copy filtered resources.
2021-02-26 17:22:23,053 [Worker-48: Building] INFO  o.e.m.c.i.embedder.EclipseLogger - skip non existing resourceDirectory C:\Users\Leo\Desktop\Back End Coding Bootcamp\Web API with Spring Boot\Final Project\indieWearhaul\src\main\resources
2021-02-26 17:22:23,054 [Worker-48: Building] INFO  o.e.m.c.i.embedder.EclipseLogger - skip non existing resourceDirectory C:\Users\Leo\Desktop\Back End Coding Bootcamp\Web API with Spring Boot\Final Project\indieWearhaul\src\main\resources
2021-02-26 17:22:23,066 [Worker-48: Building] INFO  o.e.m.c.i.embedder.EclipseLogger - Using 'UTF-8' encoding to copy filtered resources.
2021-02-26 17:22:23,066 [Worker-48: Building] INFO  o.e.m.c.i.embedder.EclipseLogger - skip non existing resourceDirectory C:\Users\Leo\Desktop\Back End Coding Bootcamp\Web API with Spring Boot\Final Project\indieWearhaul\src\test\resources
2021-02-26 17:24:37,094 [Worker-46: Building] INFO  o.e.m.c.i.embedder.EclipseLogger - Using 'UTF-8' encoding to copy filtered resources.
2021-02-26 17:24:37,096 [Worker-46: Building] INFO  o.e.m.c.i.embedder.EclipseLogger - skip non existing resourceDirectory C:\Users\Leo\Desktop\Back End Coding Bootcamp\Web API with Spring Boot\Final Project\indieWearhaul\src\main\resources
2021-02-26 17:24:37,097 [Worker-46: Building] INFO  o.e.m.c.i.embedder.EclipseLogger - skip non existing resourceDirectory C:\Users\Leo\Desktop\Back End Coding Bootcamp\Web API with Spring Boot\Final Project\indieWearhaul\src\main\resources
2021-02-26 17:24:37,100 [Worker-46: Building] INFO  o.e.m.c.i.embedder.EclipseLogger - Using 'UTF-8' encoding to copy filtered resources.
2021-02-26 17:24:37,100 [Worker-46: Building] INFO  o.e.m.c.i.embedder.EclipseLogger - skip non existing resourceDirectory C:\Users\Leo\Desktop\Back End Coding Bootcamp\Web API with Spring Boot\Final Project\indieWearhaul\src\test\resources
2021-02-26 17:24:53,262 [Worker-52: Building] INFO  o.e.m.c.i.embedder.EclipseLogger - Using 'UTF-8' encoding to copy filtered resources.
2021-02-26 17:24:53,264 [Worker-52: Building] INFO  o.e.m.c.i.embedder.EclipseLogger - skip non existing resourceDirectory C:\Users\Leo\Desktop\Back End Coding Bootcamp\Web API with Spring Boot\Final Project\indieWearhaul\src\main\resources
2021-02-26 17:24:53,265 [Worker-52: Building] INFO  o.e.m.c.i.embedder.EclipseLogger - skip non existing resourceDirectory C:\Users\Leo\Desktop\Back End Coding Bootcamp\Web API with Spring Boot\Final Project\indieWearhaul\src\main\resources
2021-02-26 17:24:53,271 [Worker-52: Building] INFO  o.e.m.c.i.embedder.EclipseLogger - Using 'UTF-8' encoding to copy filtered resources.
2021-02-26 17:24:53,272 [Worker-52: Building] INFO  o.e.m.c.i.embedder.EclipseLogger - skip non existing resourceDirectory C:\Users\Leo\Desktop\Back End Coding Bootcamp\Web API with Spring Boot\Final Project\indieWearhaul\src\test\resources
2021-02-26 17:26:13,846 [Worker-53: Building] INFO  o.e.m.c.i.embedder.EclipseLogger - Using 'UTF-8' encoding to copy filtered resources.
2021-02-26 17:26:13,850 [Worker-53: Building] INFO  o.e.m.c.i.embedder.EclipseLogger - skip non existing resourceDirectory C:\Users\Leo\Desktop\Back End Coding Bootcamp\Web API with Spring Boot\Final Project\indieWearhaul\src\main\resources
2021-02-26 17:26:13,850 [Worker-53: Building] INFO  o.e.m.c.i.embedder.EclipseLogger - skip non existing resourceDirectory C:\Users\Leo\Desktop\Back End Coding Bootcamp\Web API with Spring Boot\Final Project\indieWearhaul\src\main\resources
2021-02-26 17:26:13,852 [Worker-53: Building] INFO  o.e.m.c.i.embedder.EclipseLogger - Using 'UTF-8' encoding to copy filtered resources.
2021-02-26 17:26:13,852 [Worker-53: Building] INFO  o.e.m.c.i.embedder.EclipseLogger - skip non existing resourceDirectory C:\Users\Leo\Desktop\Back End Coding Bootcamp\Web API with Spring Boot\Final Project\indieWearhaul\src\test\resources
2021-02-26 17:27:47,663 [Worker-50: Building] INFO  o.e.m.c.i.embedder.EclipseLogger - Using 'UTF-8' encoding to copy filtered resources.
2021-02-26 17:27:47,664 [Worker-50: Building] INFO  o.e.m.c.i.embedder.EclipseLogger - skip non existing resourceDirectory C:\Users\Leo\Desktop\Back End Coding Bootcamp\Web API with Spring Boot\Final Project\indieWearhaul\src\main\resources
2021-02-26 17:27:47,666 [Worker-50: Building] INFO  o.e.m.c.i.embedder.EclipseLogger - skip non existing resourceDirectory C:\Users\Leo\Desktop\Back End Coding Bootcamp\Web API with Spring Boot\Final Project\indieWearhaul\src\main\resources
2021-02-26 17:27:47,673 [Worker-50: Building] INFO  o.e.m.c.i.embedder.EclipseLogger - Using 'UTF-8' encoding to copy filtered resources.
2021-02-26 17:27:47,674 [Worker-50: Building] INFO  o.e.m.c.i.embedder.EclipseLogger - skip non existing resourceDirectory C:\Users\Leo\Desktop\Back End Coding Bootcamp\Web API with Spring Boot\Final Project\indieWearhaul\src\test\resources
2021-02-26 17:28:12,121 [Worker-52: Building] INFO  o.e.m.c.i.embedder.EclipseLogger - Using 'UTF-8' encoding to copy filtered resources.
2021-02-26 17:28:12,123 [Worker-52: Building] INFO  o.e.m.c.i.embedder.EclipseLogger - skip non existing resourceDirectory C:\Users\Leo\Desktop\Back End Coding Bootcamp\Web API with Spring Boot\Final Project\indieWearhaul\src\main\resources
2021-02-26 17:28:12,124 [Worker-52: Building] INFO  o.e.m.c.i.embedder.EclipseLogger - skip non existing resourceDirectory C:\Users\Leo\Desktop\Back End Coding Bootcamp\Web API with Spring Boot\Final Project\indieWearhaul\src\main\resources
2021-02-26 17:28:12,135 [Worker-52: Building] INFO  o.e.m.c.i.embedder.EclipseLogger - Using 'UTF-8' encoding to copy filtered resources.
2021-02-26 17:28:12,135 [Worker-52: Building] INFO  o.e.m.c.i.embedder.EclipseLogger - skip non existing resourceDirectory C:\Users\Leo\Desktop\Back End Coding Bootcamp\Web API with Spring Boot\Final Project\indieWearhaul\src\test\resources
2021-02-26 17:28:13,956 [Worker-50: Building] INFO  o.e.m.c.i.embedder.EclipseLogger - Using 'UTF-8' encoding to copy filtered resources.
2021-02-26 17:28:13,957 [Worker-50: Building] INFO  o.e.m.c.i.embedder.EclipseLogger - skip non existing resourceDirectory C:\Users\Leo\Desktop\Back End Coding Bootcamp\Web API with Spring Boot\Final Project\indieWearhaul\src\main\resources
2021-02-26 17:28:13,957 [Worker-50: Building] INFO  o.e.m.c.i.embedder.EclipseLogger - skip non existing resourceDirectory C:\Users\Leo\Desktop\Back End Coding Bootcamp\Web API with Spring Boot\Final Project\indieWearhaul\src\main\resources
2021-02-26 17:28:13,959 [Worker-50: Building] INFO  o.e.m.c.i.embedder.EclipseLogger - Using 'UTF-8' encoding to copy filtered resources.
2021-02-26 17:28:13,960 [Worker-50: Building] INFO  o.e.m.c.i.embedder.EclipseLogger - skip non existing resourceDirectory C:\Users\Leo\Desktop\Back End Coding Bootcamp\Web API with Spring Boot\Final Project\indieWearhaul\src\test\resources
2021-02-26 17:30:23,252 [Worker-50: Building] INFO  o.e.m.c.i.embedder.EclipseLogger - Using 'UTF-8' encoding to copy filtered resources.
2021-02-26 17:30:23,252 [Worker-50: Building] INFO  o.e.m.c.i.embedder.EclipseLogger - skip non existing resourceDirectory C:\Users\Leo\Desktop\Back End Coding Bootcamp\Web API with Spring Boot\Final Project\indieWearhaul\src\main\resources
2021-02-26 17:30:23,252 [Worker-50: Building] INFO  o.e.m.c.i.embedder.EclipseLogger - skip non existing resourceDirectory C:\Users\Leo\Desktop\Back End Coding Bootcamp\Web API with Spring Boot\Final Project\indieWearhaul\src\main\resources
2021-02-26 17:30:23,257 [Worker-50: Building] INFO  o.e.m.c.i.embedder.EclipseLogger - Using 'UTF-8' encoding to copy filtered resources.
2021-02-26 17:30:23,258 [Worker-50: Building] INFO  o.e.m.c.i.embedder.EclipseLogger - skip non existing resourceDirectory C:\Users\Leo\Desktop\Back End Coding Bootcamp\Web API with Spring Boot\Final Project\indieWearhaul\src\test\resources
2021-02-26 17:30:35,805 [Worker-55: Building] INFO  o.e.m.c.i.embedder.EclipseLogger - Using 'UTF-8' encoding to copy filtered resources.
2021-02-26 17:30:35,806 [Worker-55: Building] INFO  o.e.m.c.i.embedder.EclipseLogger - skip non existing resourceDirectory C:\Users\Leo\Desktop\Back End Coding Bootcamp\Web API with Spring Boot\Final Project\indieWearhaul\src\main\resources
2021-02-26 17:30:35,806 [Worker-55: Building] INFO  o.e.m.c.i.embedder.EclipseLogger - skip non existing resourceDirectory C:\Users\Leo\Desktop\Back End Coding Bootcamp\Web API with Spring Boot\Final Project\indieWearhaul\src\main\resources
2021-02-26 17:30:35,810 [Worker-55: Building] INFO  o.e.m.c.i.embedder.EclipseLogger - Using 'UTF-8' encoding to copy filtered resources.
2021-02-26 17:30:35,811 [Worker-55: Building] INFO  o.e.m.c.i.embedder.EclipseLogger - skip non existing resourceDirectory C:\Users\Leo\Desktop\Back End Coding Bootcamp\Web API with Spring Boot\Final Project\indieWearhaul\src\test\resources
2021-02-26 17:31:45,997 [Worker-52: Building] INFO  o.e.m.c.i.embedder.EclipseLogger - Using 'UTF-8' encoding to copy filtered resources.
2021-02-26 17:31:45,997 [Worker-52: Building] INFO  o.e.m.c.i.embedder.EclipseLogger - skip non existing resourceDirectory C:\Users\Leo\Desktop\Back End Coding Bootcamp\Web API with Spring Boot\Final Project\indieWearhaul\src\main\resources
2021-02-26 17:31:45,997 [Worker-52: Building] INFO  o.e.m.c.i.embedder.EclipseLogger - skip non existing resourceDirectory C:\Users\Leo\Desktop\Back End Coding Bootcamp\Web API with Spring Boot\Final Project\indieWearhaul\src\main\resources
2021-02-26 17:31:45,999 [Worker-52: Building] INFO  o.e.m.c.i.embedder.EclipseLogger - Using 'UTF-8' encoding to copy filtered resources.
2021-02-26 17:31:45,999 [Worker-52: Building] INFO  o.e.m.c.i.embedder.EclipseLogger - skip non existing resourceDirectory C:\Users\Leo\Desktop\Back End Coding Bootcamp\Web API with Spring Boot\Final Project\indieWearhaul\src\test\resources
2021-02-26 17:37:40,896 [Worker-52: Building] INFO  o.e.m.c.i.embedder.EclipseLogger - Using 'UTF-8' encoding to copy filtered resources.
2021-02-26 17:37:40,896 [Worker-52: Building] INFO  o.e.m.c.i.embedder.EclipseLogger - skip non existing resourceDirectory C:\Users\Leo\Desktop\Back End Coding Bootcamp\Web API with Spring Boot\Final Project\indieWearhaul\src\main\resources
2021-02-26 17:37:40,897 [Worker-52: Building] INFO  o.e.m.c.i.embedder.EclipseLogger - skip non existing resourceDirectory C:\Users\Leo\Desktop\Back End Coding Bootcamp\Web API with Spring Boot\Final Project\indieWearhaul\src\main\resources
2021-02-26 17:37:40,899 [Worker-52: Building] INFO  o.e.m.c.i.embedder.EclipseLogger - Using 'UTF-8' encoding to copy filtered resources.
2021-02-26 17:37:40,900 [Worker-52: Building] INFO  o.e.m.c.i.embedder.EclipseLogger - skip non existing resourceDirectory C:\Users\Leo\Desktop\Back End Coding Bootcamp\Web API with Spring Boot\Final Project\indieWearhaul\src\test\resources
2021-02-26 17:46:48,637 [Worker-57: Building] INFO  o.e.m.c.i.embedder.EclipseLogger - Using 'UTF-8' encoding to copy filtered resources.
2021-02-26 17:46:48,638 [Worker-57: Building] INFO  o.e.m.c.i.embedder.EclipseLogger - skip non existing resourceDirectory C:\Users\Leo\Desktop\Back End Coding Bootcamp\Web API with Spring Boot\Final Project\indieWearhaul\src\main\resources
2021-02-26 17:46:48,638 [Worker-57: Building] INFO  o.e.m.c.i.embedder.EclipseLogger - skip non existing resourceDirectory C:\Users\Leo\Desktop\Back End Coding Bootcamp\Web API with Spring Boot\Final Project\indieWearhaul\src\main\resources
2021-02-26 17:46:48,642 [Worker-57: Building] INFO  o.e.m.c.i.embedder.EclipseLogger - Using 'UTF-8' encoding to copy filtered resources.
2021-02-26 17:46:48,642 [Worker-57: Building] INFO  o.e.m.c.i.embedder.EclipseLogger - skip non existing resourceDirectory C:\Users\Leo\Desktop\Back End Coding Bootcamp\Web API with Spring Boot\Final Project\indieWearhaul\src\test\resources
2021-02-26 17:47:33,901 [Worker-57: Building] INFO  o.e.m.c.i.embedder.EclipseLogger - Using 'UTF-8' encoding to copy filtered resources.
2021-02-26 17:47:33,902 [Worker-57: Building] INFO  o.e.m.c.i.embedder.EclipseLogger - skip non existing resourceDirectory C:\Users\Leo\Desktop\Back End Coding Bootcamp\Web API with Spring Boot\Final Project\indieWearhaul\src\main\resources
2021-02-26 17:47:33,902 [Worker-57: Building] INFO  o.e.m.c.i.embedder.EclipseLogger - skip non existing resourceDirectory C:\Users\Leo\Desktop\Back End Coding Bootcamp\Web API with Spring Boot\Final Project\indieWearhaul\src\main\resources
2021-02-26 17:47:33,904 [Worker-57: Building] INFO  o.e.m.c.i.embedder.EclipseLogger - Using 'UTF-8' encoding to copy filtered resources.
2021-02-26 17:47:33,905 [Worker-57: Building] INFO  o.e.m.c.i.embedder.EclipseLogger - skip non existing resourceDirectory C:\Users\Leo\Desktop\Back End Coding Bootcamp\Web API with Spring Boot\Final Project\indieWearhaul\src\test\resources
2021-02-26 17:52:30,036 [Worker-63: Building] INFO  o.e.m.c.i.embedder.EclipseLogger - Using 'UTF-8' encoding to copy filtered resources.
2021-02-26 17:52:30,036 [Worker-63: Building] INFO  o.e.m.c.i.embedder.EclipseLogger - skip non existing resourceDirectory C:\Users\Leo\Desktop\Back End Coding Bootcamp\Web API with Spring Boot\Final Project\indieWearhaul\src\main\resources
2021-02-26 17:52:30,036 [Worker-63: Building] INFO  o.e.m.c.i.embedder.EclipseLogger - skip non existing resourceDirectory C:\Users\Leo\Desktop\Back End Coding Bootcamp\Web API with Spring Boot\Final Project\indieWearhaul\src\main\resources
2021-02-26 17:52:30,038 [Worker-63: Building] INFO  o.e.m.c.i.embedder.EclipseLogger - Using 'UTF-8' encoding to copy filtered resources.
2021-02-26 17:52:30,038 [Worker-63: Building] INFO  o.e.m.c.i.embedder.EclipseLogger - skip non existing resourceDirectory C:\Users\Leo\Desktop\Back End Coding Bootcamp\Web API with Spring Boot\Final Project\indieWearhaul\src\test\resources
